<?xml version="1.0" encoding="UTF-8" ?>
<testsuite tests="12" failures="0" name="FFSSM.FFSSMTest" time="0.282" errors="0" skipped="0">
  <properties>
[...]
</properties>
  <testcase classname="FFSSM.FFSSMTest" name="testLicenceValide" time="0"/>
  <testcase classname="FFSSM.FFSSMTest" name="testPlongeeAvecParticipantsSansLicence" time="0"/>
  <testcase classname="FFSSM.FFSSMTest" name="testEmployeur" time="0"/>
  <testcase classname="FFSSM.FFSSMTest" name="testGetEmployeur" time="0"/>
  <testcase classname="FFSSM.FFSSMTest" name="testAjoutLicence" time="0"/>
  <testcase classname="FFSSM.FFSSMTest" name="testListePlongeeNonConforme" time="0"/>
  <testcase classname="FFSSM.FFSSMTest" name="testAjoutParticipants" time="0"/>
  <testcase classname="FFSSM.FFSSMTest" name="testPlongeeSansParticipants" time="0"/>
  <testcase classname="FFSSM.FFSSMTest" name="testPlongleesConformes" time="0"/>
  <testcase classname="FFSSM.FFSSMTest" name="testOrganisePlongee" time="0"/>
  <testcase classname="FFSSM.FFSSMTest" name="testEmbaucheTerminer" time="0"/>
  <testcase classname="FFSSM.FFSSMTest" name="testNouvelEmbauche" time="0"/>
</testsuite>